(ARCTools Version 2.1.2)
 HexLoc     DecLoc    MachWord   Label        Instruction                Comment
                                              .org 2048                  
                                                                         
00000800  0000002048  00000005  x:                                       
00000804  0000002052  00000000  y:                                       
                                                                         !2147483647
                                                                         
00000808  0000002056            main:                                    
0000080c  0000002060  c2002800                ld [2048], %r1             
00000810  0000002064  84004000                add %r1, %r0, %r2          
00000814  0000002068  a003c000                add %r15, %r0, %r16        
00000818  0000002072  40000003                call 3                     
0000081c  0000002076  c6202804                st %r3, [2052]             
00000820  0000002080  81c42004                jmpl %r16, 4, %r0          
                                                                         
00000824  0000002084            calc_cuadrado:                             
00000828  0000002088  86804003                addcc %r1, %r3, %r3        
0000082c  0000002092  0e800004                bvs 4                      
00000830  0000002096  8480bfff                addcc %r2, -1, %r2         
00000834  0000002100  02800005                be 5                       
00000838  0000002104  10bffffb                ba -5                      
                                                                         
0000083c  0000002108            fuera_de_rango:                             
00000840  0000002112  86003fff                add %r0, -1, %r3           
00000844  0000002116  81c3e004                jmpl %r15, 4, %r0          
                                                                         
00000848  0000002120            terminar_calc:                             
0000084c  0000002124  81c3e004                jmpl %r15, 4, %r0          
                                                                         

--- Symbol Table ---
main: 2056
x: 2048
calc_cuadrado: 2084
fuera_de_rango: 2108
terminar_calc: 2120
y: 2052
