(ARCTools Version 2.1.2)
 HexLoc     DecLoc    MachWord   Label        Instruction                Comment
                                              .org 2048                  
00000800  0000002048  0000001b  x:                                       
00000804  0000002052  00000031  y:                                       
00000808  0000002056  00000000  z:                                       
0000080c  0000002060  c2002800  main:         ld [2048], %r1             
00000810  0000002064  c4002804                ld [2052], %r2             
00000814  0000002068  9c03bffc                add %r14, -4, %r14         
00000818  0000002072  c2238000                st %r1, %r14               
0000081c  0000002076  9c03bffc                add %r14, -4, %r14         
00000820  0000002080  c4238000                st %r2, %r14               
00000824  0000002084  a003c000                add %r15, %r0, %r16        
00000828  0000002088  40000005                call 5                     
0000082c  0000002092  c6038000                ld %r14, %r3               
00000830  0000002096  9c03a004                add %r14, 4, %r14          
00000834  0000002100  c6202808                st %r3, [2056]             
00000838  0000002104  81c42004                jmpl %r16, 4, %r0          
0000083c  0000002108  cc038000  suma:         ld %r14, %r6               
00000840  0000002112  9c03a004                add %r14, 4, %r14          
00000844  0000002116  ca038000                ld %r14, %r5               
00000848  0000002120  9c03a004                add %r14, 4, %r14          
0000084c  0000002124  8e814006                addcc %r5, %r6, %r7        
00000850  0000002128  9c03bffc                add %r14, -4, %r14         
00000854  0000002132  ce238000                st %r7, %r14               
00000858  0000002136  81c3e004                jmpl %r15, 4, %r0          

--- Symbol Table ---
suma: 2108
main: 2060
x: 2048
z: 2056
y: 2052
