(ARCTools Version 2.1.2)
 HexLoc     DecLoc    MachWord   Label        Instruction                Comment
                                              .org 2048                  
                                                                         
                                                                         
                                                                         
00000800  0000002048  7fffffff  x:                                       
00000804  0000002052  7fffffff  y:                                       
00000808  0000002056  00000000  z:                                       
                                                                         
0000080c  0000002060            main:                                    
00000810  0000002064  c2002800                ld [2048], %r1             
00000814  0000002068  c4002804                ld [2052], %r2             
00000818  0000002072                          push %r1                   
00000818  0000002072  9c03bffc                add %r14, -4, %r14         
0000081c  0000002076  c2238000                st %r1, %r14               
00000820  0000002080                          push %r2                   
00000820  0000002080  9c03bffc                add %r14, -4, %r14         
00000824  0000002084  c4238000                st %r2, %r14               
00000828  0000002088  a003c000                add %r15, %r0, %r16        
0000082c  0000002092  40000005                call 5                     
00000830  0000002096                          pop %r4                    
00000830  0000002096  c8038000                ld %r14, %r4               
00000834  0000002100  9c03a004                add %r14, 4, %r14          
00000838  0000002104  c8202808                st %r4, [2056]             
0000083c  0000002108  81c42004                jmpl %r16, 4, %r0          
                                                                         
00000840  0000002112            multiplicar:                             
00000844  0000002116                          pop %r2                    
00000844  0000002116  c4038000                ld %r14, %r2               
00000848  0000002120  9c03a004                add %r14, 4, %r14          
0000084c  0000002124                          pop %r1                    
0000084c  0000002124  c2038000                ld %r14, %r1               
00000850  0000002128  9c03a004                add %r14, 4, %r14          
00000854  0000002132  88000000                add %r0, %r0, %r4          
00000858  0000002136  86808000                addcc %r2, %r0, %r3        
0000085c  0000002140  0c800007                bneg 7                     
                                                                         
00000860  0000002144            multiplicar_pos:                             
00000864  0000002148  88804004                addcc %r1, %r4, %r4        
00000868  0000002152  0e800013                bvs 19                     
0000086c  0000002156  8680ffff                addcc %r3, -1, %r3         
00000870  0000002160  02800008                be 8                       
00000874  0000002164  10bffffb                ba -5                      
                                                                         
00000878  0000002168            multiplicar_neg:                             
0000087c  0000002172  88804004                addcc %r1, %r4, %r4        
00000880  0000002176  0e80000d                bvs 13                     
00000884  0000002180  8680e001                addcc %r3, 1, %r3          
00000888  0000002184  02800006                be 6                       
0000088c  0000002188  10bffffb                ba -5                      
                                                                         
00000890  0000002192            terminar_pos:                             
00000894  0000002196                          push %r4                   
00000894  0000002196  9c03bffc                add %r14, -4, %r14         
00000898  0000002200  c8238000                st %r4, %r14               
0000089c  0000002204  81c3e004                jmpl %r15, 4, %r0          
                                                                         
000008a0  0000002208            terminar_neg:                             
000008a4  0000002212  88200004                sub %r0, %r4, %r4          
000008a8  0000002216                          push %r4                   
000008a8  0000002216  9c03bffc                add %r14, -4, %r14         
000008ac  0000002220  c8238000                st %r4, %r14               
000008b0  0000002224  81c3e004                jmpl %r15, 4, %r0          
                                                                         
000008b4  0000002228            fuera_de_rango:                             
000008b8  0000002232  88003fff                add %r0, -1, %r4           
000008bc  0000002236                          push %r4                   
000008bc  0000002236  9c03bffc                add %r14, -4, %r14         
000008c0  0000002240  c8238000                st %r4, %r14               
000008c4  0000002244  81c3e004                jmpl %r15, 4, %r0          

--- Symbol Table ---
multiplicar_neg: 2168
main: 2060
terminar_neg: 2208
multiplicar_pos: 2144
z: 2056
y: 2052
x: 2048
multiplicar: 2112
terminar_pos: 2192
fuera_de_rango: 2228
