(ARCTools Version 2.1.2)
 HexLoc     DecLoc    MachWord   Label        Instruction                Comment
                                              .org 2048                  
                                                                         
00000800  0000002048  00000005  x:                                       
00000804  0000002052  00000000  y:                                       
                                                                         
00000808  0000002056            main:                                    
0000080c  0000002060  c2002800                ld [2048], %r1             
00000810  0000002064  a003c000                add %r15, %r0, %r16        
00000814  0000002068  86004000                add %r1, %r0, %r3          
00000818  0000002072  8800200a                add %r0, 10, %r4           
0000081c  0000002076  40000003                call 3                     
00000820  0000002080  c2202804                st %r1, [2052]             
00000824  0000002084  81c42004                jmpl %r16, 4, %r0          
                                                                         
00000828  0000002088            chequear_rango:                             
0000082c  0000002092  8680ffff                addcc %r3, -1, %r3         
00000830  0000002096  02800004                be 4                       
00000834  0000002100  88813fff                addcc %r4, -1, %r4         
00000838  0000002104  02800017                be 23                      
0000083c  0000002108  10bffffb                ba -5                      
                                                                         
00000840  0000002112            calc_factorial:                             
00000844  0000002116  84806000                addcc %r1, 0, %r2          
00000848  0000002120  86000000                add %r0, %r0, %r3          
0000084c  0000002124  88000000                add %r0, %r0, %r4          
00000850  0000002128  10800001                ba 1                       
                                                                         
00000854  0000002132            for:                                     
00000858  0000002136  8480bfff                addcc %r2, -1, %r2         
0000085c  0000002140  0280000c                be 12                      
00000860  0000002144  86008000                add %r2, %r0, %r3          
00000864  0000002148  10800001                ba 1                       
                                                                         
00000868  0000002152            multiplicacion:                             
0000086c  0000002156  88804004                addcc %r1, %r4, %r4        
00000870  0000002160  8680ffff                addcc %r3, -1, %r3         
00000874  0000002164  02800002                be 2                       
00000878  0000002168  10bffffc                ba -4                      
                                                                         
0000087c  0000002172            terminar_mult:                             
00000880  0000002176  82010000                add %r4, %r0, %r1          
00000884  0000002180  88000000                add %r0, %r0, %r4          
00000888  0000002184  10bffff3                ba -13                     
                                                                         
0000088c  0000002188            terminar_fact:                             
00000890  0000002192  81c3e004                jmpl %r15, 4, %r0          
                                                                         
00000894  0000002196            fuera_de_rango:                             
00000898  0000002200  82003fff                add %r0, -1, %r1           
0000089c  0000002204  81c3e004                jmpl %r15, 4, %r0          
                                                                         

--- Symbol Table ---
terminar_mult: 2172
main: 2056
multiplicacion: 2152
for: 2132
chequear_rango: 2088
terminar_fact: 2188
y: 2052
x: 2048
fuera_de_rango: 2196
calc_factorial: 2112
