(ARCTools Version 2.1.2)
 HexLoc     DecLoc    MachWord   Label        Instruction                Comment
                                              .org 2048                  
00000800  0000002048  0000001b  x:                                       
00000804  0000002052  00000031  y:                                       
00000808  0000002056  00000000  z:                                       
0000080c  0000002060  c2002800  main:         ld [2048], %r1             
00000810  0000002064  c4002804                ld [2052], %r2             
00000814  0000002068  a003c000                add %r15, %r0, %r16        
00000818  0000002072  40000003                call 3                     
0000081c  0000002076  c6202808                st %r3, [2056]             
00000820  0000002080  81c42004                jmpl %r16, 4, %r0          
00000824  0000002084  86804002  suma:         addcc %r1, %r2, %r3        
00000828  0000002088  81c3e004                jmpl %r15, 4, %r0          

--- Symbol Table ---
suma: 2084
main: 2060
x: 2048
z: 2056
y: 2052
