(ARCTools Version 2.1.2)
 HexLoc     DecLoc    MachWord   Label        Instruction                Comment
                                              .org 2048                  
00000800  0000002048  ffffffe5  x:                                       
00000804  0000002052  c2002800  main:         ld [2048], %r1             
00000808  0000002056  9c03bffc                add %r14, -4, %r14         
0000080c  0000002060  c2238000                st %r1, %r14               
00000810  0000002064  a003c000                add %r15, %r0, %r16        
00000814  0000002068  40000005                call 5                     
00000818  0000002072  c2038000                ld %r14, %r1               
0000081c  0000002076  9c03a004                add %r14, 4, %r14          
00000820  0000002080  c2202800                st %r1, [2048]             
00000824  0000002084  81c42004                jmpl %r16, 4, %r0          
00000828  0000002088            valor_absoluto:                             
0000082c  0000002092  c2038000                ld %r14, %r1               
00000830  0000002096  9c03a004                add %r14, 4, %r14          
00000834  0000002100  82804000                addcc %r1, %r0, %r1        
00000838  0000002104  0c800005                bneg 5                     
0000083c  0000002108            es_positivo:                             
00000840  0000002112  9c03bffc                add %r14, -4, %r14         
00000844  0000002116  c2238000                st %r1, %r14               
00000848  0000002120  81c3e004                jmpl %r15, 4, %r0          
0000084c  0000002124            es_negativo:                             
00000850  0000002128  82200001                sub %r0, %r1, %r1          
00000854  0000002132  9c03bffc                add %r14, -4, %r14         
00000858  0000002136  c2238000                st %r1, %r14               
0000085c  0000002140  81c3e004                jmpl %r15, 4, %r0          

--- Symbol Table ---
main: 2052
x: 2048
es_positivo: 2108
es_negativo: 2124
valor_absoluto: 2088
