(ARCTools Version 2.1.2)
 HexLoc     DecLoc    MachWord   Label        Instruction                Comment
                                              .org 2048                  
00000800  0000002048  7fffffff  x:                                       
00000804  0000002052  7fffffff  y:                                       
00000808  0000002056  00000000  z:                                       
0000080c  0000002060            main:                                    
00000810  0000002064  c2002800                ld [2048], %r1             
00000814  0000002068  c4002804                ld [2052], %r2             
00000818  0000002072  9c03bffc                add %r14, -4, %r14         
0000081c  0000002076  c2238000                st %r1, %r14               
00000820  0000002080  9c03bffc                add %r14, -4, %r14         
00000824  0000002084  c4238000                st %r2, %r14               
00000828  0000002088  a003c000                add %r15, %r0, %r16        
0000082c  0000002092  40000005                call 5                     
00000830  0000002096  c6038000                ld %r14, %r3               
00000834  0000002100  9c03a004                add %r14, 4, %r14          
00000838  0000002104  c6202808                st %r3, [2056]             
0000083c  0000002108  81c42004                jmpl %r16, 4, %r0          
00000840  0000002112            suma_es_representable:                             
00000844  0000002116  c2038000                ld %r14, %r1               
00000848  0000002120  9c03a004                add %r14, 4, %r14          
0000084c  0000002124  c4038000                ld %r14, %r2               
00000850  0000002128  9c03a004                add %r14, 4, %r14          
00000854  0000002132  86804002                addcc %r1, %r2, %r3        
00000858  0000002136  0e800006                bvs 6                      
0000085c  0000002140            no_representable:                             
00000860  0000002144  88003fff                add %r0, -1, %r4           
00000864  0000002148  9c03bffc                add %r14, -4, %r14         
00000868  0000002152  c8238000                st %r4, %r14               
0000086c  0000002156  81c3e004                jmpl %r15, 4, %r0          
00000870  0000002160            representable:                             
00000874  0000002164  9c03bffc                add %r14, -4, %r14         
00000878  0000002168  c0238000                st %r0, %r14               
0000087c  0000002172  81c3e004                jmpl %r15, 4, %r0          

--- Symbol Table ---
main: 2060
x: 2048
representable: 2160
no_representable: 2140
suma_es_representable: 2112
z: 2056
y: 2052
